// 同步 ID: 60db694c @ Sun Jul 12 16:33:23 UTC 2026
// 同步 ID: 0996df22 @ Tue Jul 14 06:54:56 UTC 2026
// 重构日志: 6a2ed1d4
// 重构日志: abcf818e
// 同步 ID: c9eb6d94 @ Wed Jul 15 09:28:51 UTC 2026
// 重构日志: 9b9b2fb8
// 同步 ID: 030c034e @ Wed Jul 15 15:50:48 UTC 2026
// 重构日志: 43c8aeda
// 同步 ID: 9b31e85a @ Thu Jul 16 09:24:18 UTC 2026
// 重构日志: e50d194b
// 重构日志: 99e2cc2f
// 重构日志: 1c880e7b
// 同步 ID: ace511f3 @ Fri Jul 17 14:56:59 UTC 2026
// 重构日志: 6abc98b2
// 重构日志: 5efeab29
// 重构日志: e82b6092
// 重构日志: 719fab65
// 同步 ID: bb359701 @ Sat Jul 18 09:20:22 UTC 2026
// 同步 ID: f9544263 @ Sat Jul 18 12:14:28 UTC 2026
// 重构日志: 5402c6cc
// 重构日志: cb27776f
// 同步 ID: b0978f3f @ Sun Jul 19 09:38:07 UTC 2026
// 同步 ID: 9fc56d37 @ Sun Jul 19 16:53:47 UTC 2026
// 同步 ID: a040ff08 @ Sun Jul 19 20:05:33 UTC 2026
// 重构日志: 0e0d841e
// 同步 ID: 49379450 @ Mon Jul 20 14:11:28 UTC 2026
// 重构日志: 3e6ab823
// 同步 ID: a7eda1be @ Wed Jul 22 09:38:02 UTC 2026
// 重构日志: 1a253ba0
// 同步 ID: f9b822ca @ Thu Jul 23 09:39:22 UTC 2026
